<?xml version="1.0" encoding="UTF-8"?>
<!-- Generated by org.testng.reporters.JUnitReportReporter -->
<testsuite skipped="0" hostname="admin-PC" name="practicetestng.TestngDummy2" tests="1" failures="0" timestamp="2022-11-03T19:06:42 IST" time="44.945" errors="0">
  <testcase name="method" time="44.945" classname="practicetestng.TestngDummy2"/>
  <system-out/>
</testsuite> <!-- practicetestng.TestngDummy2 -->
