<?xml version="1.0" encoding="UTF-8"?>
<!-- Generated by org.testng.reporters.JUnitReportReporter -->
<testsuite skipped="0" hostname="admin-PC" name="practicetestng.TestngDummy5" tests="5" failures="0" timestamp="2022-11-03T19:42:25 IST" time="0.072" errors="0">
  <testcase name="method" time="0.066" classname="practicetestng.TestngDummy5"/>
  <system-out/>
  <testcase name="method" time="0.002" classname="practicetestng.TestngDummy5"/>
  <system-out/>
  <testcase name="method" time="0.002" classname="practicetestng.TestngDummy5"/>
  <system-out/>
  <testcase name="method" time="0.001" classname="practicetestng.TestngDummy5"/>
  <system-out/>
  <testcase name="method" time="0.001" classname="practicetestng.TestngDummy5"/>
  <system-out/>
</testsuite> <!-- practicetestng.TestngDummy5 -->
