<?xml version="1.0" encoding="UTF-8"?>
<!-- Generated by org.testng.reporters.JUnitReportReporter -->
<testsuite skipped="0" hostname="admin-PC" name="practicetestng.TestngDummy1" tests="1" failures="0" timestamp="2022-11-03T16:12:57 IST" time="0.009" errors="0">
  <testcase name="method" time="0.009" classname="practicetestng.TestngDummy1"/>
  <system-out/>
</testsuite> <!-- practicetestng.TestngDummy1 -->
