<?xml version="1.0" encoding="UTF-8"?>
<!-- Generated by org.testng.reporters.JUnitReportReporter -->
<testsuite skipped="0" hostname="admin-PC" name="practicetestng.TestngDummy7" tests="3" failures="0" timestamp="2023-03-24T14:20:14 IST" time="0.022" errors="0">
  <testcase name="sendMail" time="0.003" classname="practicetestng.TestngDummy7"/>
  <system-out/>
  <testcase name="openbrowser" time="0.015" classname="practicetestng.TestngDummy7"/>
  <system-out/>
  <testcase name="login" time="0.004" classname="practicetestng.TestngDummy7"/>
  <system-out/>
</testsuite> <!-- practicetestng.TestngDummy7 -->
