<?xml version="1.0" encoding="UTF-8"?>
<!-- Generated by org.testng.reporters.JUnitReportReporter -->
<testsuite skipped="0" hostname="admin-PC" name="practicetestng.TestngDummy4" tests="1" failures="0" timestamp="2022-11-03T19:36:30 IST" time="25.014" errors="0">
  <testcase name="method" time="25.014" classname="practicetestng.TestngDummy4"/>
  <system-out/>
</testsuite> <!-- practicetestng.TestngDummy4 -->
