<?xml version="1.0" encoding="UTF-8"?>
<!-- Generated by org.testng.reporters.JUnitReportReporter -->
<testsuite skipped="0" hostname="admin-PC" name="practicetestng.TestngDummy3" tests="1" failures="0" timestamp="2022-11-03T19:27:18 IST" time="22.820" errors="0">
  <testcase name="method" time="22.820" classname="practicetestng.TestngDummy3"/>
  <system-out/>
</testsuite> <!-- practicetestng.TestngDummy3 -->
