<?xml version="1.0" encoding="UTF-8"?>
<!-- Generated by org.testng.reporters.JUnitReportReporter -->
<testsuite skipped="0" hostname="admin-PC" name="practicetestng.TestngDummy6" tests="4" failures="0" timestamp="2023-03-24T14:20:49 IST" time="0.014" errors="0">
  <testcase name="openbrowser" time="0.011" classname="practicetestng.TestngDummy6"/>
  <system-out/>
  <testcase name="login" time="0.001" classname="practicetestng.TestngDummy6"/>
  <system-out/>
  <testcase name="sendMail" time="0.001" classname="practicetestng.TestngDummy6"/>
  <system-out/>
  <testcase name="closebrowser" time="0.001" classname="practicetestng.TestngDummy6"/>
  <system-out/>
</testsuite> <!-- practicetestng.TestngDummy6 -->
